Arguments: 
  C:\Program Files\nodejs\node.exe C:\Users\Nicholas\AppData\Roaming\npm\node_modules\yarn\bin\yarn.js add --dev @rollup/plugin-babbel

PATH: 
  C:\Python39\Scripts\;C:\Python39\;C:\Windows\system32;C:\Windows;C:\Windows\System32\Wbem;C:\Windows\System32\WindowsPowerShell\v1.0\;C:\Program Files\Git\cmd;C:\WINDOWS\system32;C:\WINDOWS;C:\WINDOWS\System32\Wbem;C:\WINDOWS\System32\WindowsPowerShell\v1.0\;C:\WINDOWS\System32\OpenSSH\;C:\Program Files\NVIDIA Corporation\NVIDIA NvDLISR;C:\Program Files (x86)\NVIDIA Corporation\PhysX\Common;C:\MinGW\bin;C:\WINDOWS\system32;C:\WINDOWS;C:\WINDOWS\System32\Wbem;C:\WINDOWS\System32\WindowsPowerShell\v1.0\;C:\WINDOWS\System32\OpenSSH\;C:\Program Files\MATLAB\R2019b\bin;C:\Program Files (x86)\Intel\Intel(R) Management Engine Components\DAL;C:\Program Files\Intel\Intel(R) Management Engine Components\DAL;C:\Program Files\nodejs\;C:\ProgramData\chocolatey\bin;C:\Users\Nicholas\AppData\Local\Programs\Python\Python39\Scripts\;C:\Users\Nicholas\AppData\Local\Programs\Python\Python39\;C:\Users\Nicholas\.elan\bin;C:\ffmpeg\ffmpeg-4.2.2-win64-static\bin;C:\flutter\bin;C:\lua;C:\texlive\2018\bin\win32;C:\MinGW\bin;C:\Users\Nicholas\.windows-build-tools\python27\;C:\Users\Nicholas\AppData\Local\Microsoft\WindowsApps;C:\Users\Nicholas\AppData\Local\Programs\Microsoft VS Code\bin;C:\Users\Nicholas\AppData\Roaming\Microsoft\Windows\Start Menu\Programs\Python 3.7;C:\Users\Nicholas\AppData\Roaming\npm;C:\Users\Nicholas\AppData\Local\Microsoft\WindowsApps;

Yarn version: 
  1.22.10

Node version: 
  14.15.4

Platform: 
  win32 x64

Trace: 
  Error: https://registry.yarnpkg.com/@rollup%2fplugin-babbel: Not found
      at Request.params.callback [as _callback] (C:\Users\Nicholas\AppData\Roaming\npm\node_modules\yarn\lib\cli.js:66988:18)
      at Request.self.callback (C:\Users\Nicholas\AppData\Roaming\npm\node_modules\yarn\lib\cli.js:140662:22)
      at Request.emit (events.js:315:20)
      at Request.<anonymous> (C:\Users\Nicholas\AppData\Roaming\npm\node_modules\yarn\lib\cli.js:141634:10)
      at Request.emit (events.js:315:20)
      at IncomingMessage.<anonymous> (C:\Users\Nicholas\AppData\Roaming\npm\node_modules\yarn\lib\cli.js:141556:12)
      at Object.onceWrapper (events.js:421:28)
      at IncomingMessage.emit (events.js:327:22)
      at endReadableNT (internal/streams/readable.js:1327:12)
      at processTicksAndRejections (internal/process/task_queues.js:80:21)

npm manifest: 
  {
    "name": "@onenylxus/lime",
    "version": "0.1.0",
    "description": "Mathematics computation engine",
    "author": "Lime Project Team",
    "license": "MIT",
    "main": "dist/bundle.js",
    "module": "dist/bundle-cjs.js",
    "browser": "dist/bundle-esm.js",
    "sideEffects": false,
    "dependencies": {},
    "devDependencies": {
      "husky": "^7.0.1",
      "rollup": "^2.55.1"
    },
    "scripts": {
      "lint": "prettier-eslint '**/*.js'",
      "clean": "rimraf dist/*.js",
      "prebuild": "yarn lint && yarn clean",
      "build": "rollup -c",
      "watch": "jest --config jest.config.json --watch",
      "pretest": "yarn build",
      "test": "jest --config jest.config.json --verbose"
    },
    "husky": {
      "hooks": {
        "pre-commit": "yarn test"
      }
    },
    "repository": {
      "type": "git",
      "url": "git+https://github.com/onenylxus/lime.git"
    },
    "bugs": {
      "url": "https://github.com/onenylxus/lime/issues"
    },
    "homepage": "https://github.com/onenylxus/lime#readme"
  }

yarn manifest: 
  No manifest

Lockfile: 
  # THIS IS AN AUTOGENERATED FILE. DO NOT EDIT THIS FILE DIRECTLY.
  # yarn lockfile v1
  
  
  fsevents@~2.3.2:
    version "2.3.2"
    resolved "https://registry.yarnpkg.com/fsevents/-/fsevents-2.3.2.tgz#8a526f78b8fdf4623b709e0b975c52c24c02fd1a"
    integrity sha512-xiqMQR4xAeHTuB9uWm+fFRcIOgKBMiOBP+eXiyT7jsgVCq1bkVygt00oASowB7EdtpOHaaPgKt812P9ab+DDKA==
  
  husky@^7.0.1:
    version "7.0.1"
    resolved "https://registry.yarnpkg.com/husky/-/husky-7.0.1.tgz#579f4180b5da4520263e8713cc832942b48e1f1c"
    integrity sha512-gceRaITVZ+cJH9sNHqx5tFwbzlLCVxtVZcusME8JYQ8Edy5mpGDOqD8QBCdMhpyo9a+JXddnujQ4rpY2Ff9SJA==
  
  rollup@^2.55.1:
    version "2.55.1"
    resolved "https://registry.yarnpkg.com/rollup/-/rollup-2.55.1.tgz#66a444648e2fb603d8e329e77a61c608a6510fda"
    integrity sha512-1P9w5fpb6b4qroePh8vHKGIvPNxwoCQhjJpIqfZGHLKpZ0xcU2/XBmFxFbc9697/6bmHpmFTLk5R1dAQhFSo0g==
    optionalDependencies:
      fsevents "~2.3.2"
